<?xml version="1.0" encoding="UTF-8"?>
<coverage generated="1334547260">
  <project timestamp="1334547260">
    <file name="/var/atlassian/application-data/bamboo/xml-data/build-dir/ESOCIAL-UNITTEST-JOB1/application/controllers/IndexController.php">
      <class name="IndexController" namespace="global">
        <metrics methods="2" coveredmethods="2" conditionals="0" coveredconditionals="0" statements="2" coveredstatements="2" elements="4" coveredelements="4"/>
      </class>
      <line num="6" type="method" name="init" crap="1" count="1"/>
      <line num="9" type="stmt" count="1"/>
      <line num="11" type="method" name="indexAction" crap="1" count="1"/>
      <line num="14" type="stmt" count="1"/>
      <line num="19" type="stmt" count="1"/>
      <metrics loc="18" ncloc="17" classes="1" methods="2" coveredmethods="2" conditionals="0" coveredconditionals="0" statements="2" coveredstatements="2" elements="4" coveredelements="4"/>
    </file>
    <file name="/var/atlassian/application-data/bamboo/xml-data/build-dir/ESOCIAL-UNITTEST-JOB1/application/models/Acl.php">
      <class name="Application_Model_Acl" namespace="global" fullPackage="Application.Model">
        <metrics methods="4" coveredmethods="2" conditionals="0" coveredconditionals="0" statements="29" coveredstatements="22" elements="33" coveredelements="24"/>
      </class>
      <line num="2" type="stmt" count="1"/>
      <line num="11" type="method" name="__construct" crap="1" count="1"/>
      <line num="12" type="stmt" count="1"/>
      <line num="13" type="stmt" count="1"/>
      <line num="14" type="stmt" count="1"/>
      <line num="16" type="stmt" count="1"/>
      <line num="18" type="stmt" count="1"/>
      <line num="19" type="stmt" count="1"/>
      <line num="20" type="stmt" count="1"/>
      <line num="21" type="stmt" count="1"/>
      <line num="22" type="stmt" count="1"/>
      <line num="23" type="stmt" count="1"/>
      <line num="24" type="stmt" count="1"/>
      <line num="25" type="stmt" count="1"/>
      <line num="26" type="stmt" count="1"/>
      <line num="27" type="stmt" count="1"/>
      <line num="28" type="stmt" count="1"/>
      <line num="29" type="stmt" count="1"/>
      <line num="30" type="stmt" count="1"/>
      <line num="32" type="stmt" count="1"/>
      <line num="37" type="method" name="setUser" crap="6" count="0"/>
      <line num="38" type="stmt" count="0"/>
      <line num="39" type="stmt" count="0"/>
      <line num="41" type="stmt" count="0"/>
      <line num="42" type="stmt" count="0"/>
      <line num="44" type="method" name="getInstance" crap="2" count="10"/>
      <line num="45" type="stmt" count="10"/>
      <line num="46" type="stmt" count="1"/>
      <line num="47" type="stmt" count="1"/>
      <line num="48" type="stmt" count="10"/>
      <line num="51" type="method" name="resetInstance" crap="2" count="0"/>
      <line num="52" type="stmt" count="0"/>
      <line num="53" type="stmt" count="0"/>
      <line num="54" type="stmt" count="0"/>
      <line num="58" type="stmt" count="1"/>
      <metrics loc="57" ncloc="57" classes="1" methods="4" coveredmethods="2" conditionals="0" coveredconditionals="0" statements="30" coveredstatements="23" elements="34" coveredelements="25"/>
    </file>
    <file name="/var/atlassian/application-data/bamboo/xml-data/build-dir/ESOCIAL-UNITTEST-JOB1/application/modules/user/Bootstrap.php">
      <class name="User_Bootstrap" namespace="global" fullPackage="User">
        <metrics methods="0" coveredmethods="0" conditionals="0" coveredconditionals="0" statements="0" coveredstatements="0" elements="0" coveredelements="0"/>
      </class>
      <line num="35" type="stmt" count="1"/>
      <line num="37" type="stmt" count="1"/>
      <metrics loc="36" ncloc="4" classes="1" methods="0" coveredmethods="0" conditionals="0" coveredconditionals="0" statements="1" coveredstatements="1" elements="1" coveredelements="1"/>
    </file>
    <file name="/var/atlassian/application-data/bamboo/xml-data/build-dir/ESOCIAL-UNITTEST-JOB1/application/modules/user/controllers/AuthController.php">
      <class name="User_AuthController" namespace="global" fullPackage="User">
        <metrics methods="3" coveredmethods="0" conditionals="0" coveredconditionals="0" statements="36" coveredstatements="0" elements="39" coveredelements="0"/>
      </class>
      <line num="36" type="method" name="indexAction" crap="2" count="0"/>
      <line num="37" type="stmt" count="0"/>
      <line num="40" type="method" name="loginAction" crap="30" count="0"/>
      <line num="42" type="stmt" count="0"/>
      <line num="43" type="stmt" count="0"/>
      <line num="44" type="stmt" count="0"/>
      <line num="45" type="stmt" count="0"/>
      <line num="46" type="stmt" count="0"/>
      <line num="58" type="stmt" count="0"/>
      <line num="59" type="stmt" count="0"/>
      <line num="60" type="stmt" count="0"/>
      <line num="61" type="stmt" count="0"/>
      <line num="62" type="stmt" count="0"/>
      <line num="63" type="stmt" count="0"/>
      <line num="64" type="stmt" count="0"/>
      <line num="65" type="stmt" count="0"/>
      <line num="66" type="stmt" count="0"/>
      <line num="67" type="stmt" count="0"/>
      <line num="68" type="stmt" count="0"/>
      <line num="69" type="stmt" count="0"/>
      <line num="70" type="stmt" count="0"/>
      <line num="72" type="stmt" count="0"/>
      <line num="73" type="stmt" count="0"/>
      <line num="74" type="stmt" count="0"/>
      <line num="75" type="stmt" count="0"/>
      <line num="76" type="stmt" count="0"/>
      <line num="78" type="stmt" count="0"/>
      <line num="79" type="stmt" count="0"/>
      <line num="81" type="stmt" count="0"/>
      <line num="82" type="stmt" count="0"/>
      <line num="84" type="stmt" count="0"/>
      <line num="85" type="stmt" count="0"/>
      <line num="86" type="stmt" count="0"/>
      <line num="87" type="stmt" count="0"/>
      <line num="89" type="stmt" count="0"/>
      <line num="91" type="method" name="logoutAction" crap="2" count="0"/>
      <line num="92" type="stmt" count="0"/>
      <line num="93" type="stmt" count="0"/>
      <line num="94" type="stmt" count="0"/>
      <line num="96" type="stmt" count="0"/>
      <metrics loc="95" ncloc="52" classes="1" methods="3" coveredmethods="0" conditionals="0" coveredconditionals="0" statements="36" coveredstatements="0" elements="39" coveredelements="0"/>
    </file>
    <file name="/var/atlassian/application-data/bamboo/xml-data/build-dir/ESOCIAL-UNITTEST-JOB1/application/modules/user/controllers/RegisterController.php">
      <class name="User_RegisterController" namespace="global" fullPackage="User">
        <metrics methods="4" coveredmethods="4" conditionals="0" coveredconditionals="0" statements="46" coveredstatements="43" elements="50" coveredelements="47"/>
      </class>
      <line num="39" type="method" name="indexAction" crap="7.01" count="5"/>
      <line num="41" type="stmt" count="5"/>
      <line num="42" type="stmt" count="5"/>
      <line num="43" type="stmt" count="5"/>
      <line num="44" type="stmt" count="5"/>
      <line num="45" type="stmt" count="4"/>
      <line num="46" type="stmt" count="3"/>
      <line num="47" type="stmt" count="3"/>
      <line num="48" type="stmt" count="3"/>
      <line num="49" type="stmt" count="3"/>
      <line num="50" type="stmt" count="1"/>
      <line num="51" type="stmt" count="1"/>
      <line num="52" type="stmt" count="1"/>
      <line num="53" type="stmt" count="1"/>
      <line num="54" type="stmt" count="3"/>
      <line num="55" type="stmt" count="1"/>
      <line num="56" type="stmt" count="1"/>
      <line num="57" type="stmt" count="1"/>
      <line num="58" type="stmt" count="1"/>
      <line num="59" type="stmt" count="3"/>
      <line num="60" type="stmt" count="2"/>
      <line num="61" type="stmt" count="2"/>
      <line num="62" type="stmt" count="1"/>
      <line num="63" type="stmt" count="1"/>
      <line num="64" type="stmt" count="0"/>
      <line num="65" type="stmt" count="0"/>
      <line num="66" type="stmt" count="1"/>
      <line num="68" type="stmt" count="3"/>
      <line num="69" type="stmt" count="1"/>
      <line num="71" type="stmt" count="4"/>
      <line num="72" type="stmt" count="1"/>
      <line num="74" type="stmt" count="5"/>
      <line num="78" type="method" name="successAction" crap="1" count="1"/>
      <line num="80" type="stmt" count="1"/>
      <line num="81" type="stmt" count="1"/>
      <line num="82" type="method" name="activateAction" crap="2.00" count="1"/>
      <line num="84" type="stmt" count="1"/>
      <line num="85" type="stmt" count="1"/>
      <line num="86" type="stmt" count="1"/>
      <line num="87" type="stmt" count="1"/>
      <line num="88" type="stmt" count="1"/>
      <line num="89" type="stmt" count="1"/>
      <line num="90" type="stmt" count="1"/>
      <line num="91" type="stmt" count="1"/>
      <line num="92" type="stmt" count="1"/>
      <line num="93" type="stmt" count="1"/>
      <line num="94" type="stmt" count="0"/>
      <line num="96" type="stmt" count="1"/>
      <line num="97" type="method" name="activatedAction" crap="1" count="1"/>
      <line num="98" type="stmt" count="1"/>
      <line num="100" type="stmt" count="1"/>
      <line num="117" type="stmt" count="1"/>
      <line num="118" type="stmt" count="1"/>
      <line num="119" type="stmt" count="1"/>
      <line num="120" type="stmt" count="1"/>
      <line num="121" type="stmt" count="1"/>
      <line num="122" type="stmt" count="1"/>
      <line num="123" type="stmt" count="1"/>
      <line num="124" type="stmt" count="1"/>
      <line num="125" type="stmt" count="1"/>
      <line num="690" type="stmt" count="2"/>
      <metrics loc="99" ncloc="61" classes="1" methods="4" coveredmethods="2" conditionals="0" coveredconditionals="0" statements="46" coveredstatements="43" elements="50" coveredelements="45"/>
    </file>
    <file name="/var/atlassian/application-data/bamboo/xml-data/build-dir/ESOCIAL-UNITTEST-JOB1/application/modules/user/models/DbTable/User.php">
      <class name="User_Model_DbTable_User" namespace="global" fullPackage="User.Model.DbTable">
        <metrics methods="0" coveredmethods="0" conditionals="0" coveredconditionals="0" statements="0" coveredstatements="0" elements="0" coveredelements="0"/>
      </class>
      <line num="35" type="stmt" count="1"/>
      <line num="43" type="stmt" count="1"/>
      <metrics loc="42" ncloc="5" classes="1" methods="0" coveredmethods="0" conditionals="0" coveredconditionals="0" statements="1" coveredstatements="1" elements="1" coveredelements="1"/>
    </file>
    <file name="/var/atlassian/application-data/bamboo/xml-data/build-dir/ESOCIAL-UNITTEST-JOB1/application/modules/user/models/Mailer.php">
      <class name="User_Model_Mailer" namespace="global" fullPackage="User.Model">
        <metrics methods="1" coveredmethods="0" conditionals="0" coveredconditionals="0" statements="12" coveredstatements="0" elements="13" coveredelements="0"/>
      </class>
      <line num="48" type="method" name="sendRegistrationConfirmation" crap="2" count="0"/>
      <line num="49" type="stmt" count="0"/>
      <line num="50" type="stmt" count="0"/>
      <line num="51" type="stmt" count="0"/>
      <line num="52" type="stmt" count="0"/>
      <line num="53" type="stmt" count="0"/>
      <line num="56" type="stmt" count="0"/>
      <line num="58" type="stmt" count="0"/>
      <line num="59" type="stmt" count="0"/>
      <line num="62" type="stmt" count="0"/>
      <line num="64" type="stmt" count="0"/>
      <line num="65" type="stmt" count="0"/>
      <line num="66" type="stmt" count="0"/>
      <line num="68" type="stmt" count="0"/>
      <metrics loc="67" ncloc="23" classes="1" methods="1" coveredmethods="0" conditionals="0" coveredconditionals="0" statements="12" coveredstatements="0" elements="13" coveredelements="0"/>
    </file>
    <file name="/var/atlassian/application-data/bamboo/xml-data/build-dir/ESOCIAL-UNITTEST-JOB1/application/modules/user/models/User.php">
      <class name="User_Model_User" namespace="global" fullPackage="User.Model">
        <metrics methods="24" coveredmethods="22" conditionals="0" coveredconditionals="0" statements="51" coveredstatements="42" elements="75" coveredelements="64"/>
      </class>
      <line num="103" type="method" name="__construct" crap="2" count="5"/>
      <line num="104" type="stmt" count="5"/>
      <line num="105" type="stmt" count="4"/>
      <line num="106" type="stmt" count="4"/>
      <line num="107" type="stmt" count="5"/>
      <line num="116" type="method" name="__set" crap="12" count="0"/>
      <line num="117" type="stmt" count="0"/>
      <line num="118" type="stmt" count="0"/>
      <line num="119" type="stmt" count="0"/>
      <line num="121" type="stmt" count="0"/>
      <line num="122" type="stmt" count="0"/>
      <line num="131" type="method" name="__get" crap="12" count="0"/>
      <line num="132" type="stmt" count="0"/>
      <line num="133" type="stmt" count="0"/>
      <line num="134" type="stmt" count="0"/>
      <line num="136" type="stmt" count="0"/>
      <line num="143" type="method" name="setOptions" crap="3" count="4"/>
      <line num="144" type="stmt" count="4"/>
      <line num="145" type="stmt" count="4"/>
      <line num="146" type="stmt" count="4"/>
      <line num="147" type="stmt" count="4"/>
      <line num="148" type="stmt" count="4"/>
      <line num="149" type="stmt" count="4"/>
      <line num="150" type="stmt" count="4"/>
      <line num="151" type="stmt" count="4"/>
      <line num="156" type="method" name="getId" crap="1" count="4"/>
      <line num="158" type="stmt" count="4"/>
      <line num="164" type="method" name="getFname" crap="1" count="4"/>
      <line num="166" type="stmt" count="4"/>
      <line num="172" type="method" name="getLname" crap="1" count="4"/>
      <line num="174" type="stmt" count="4"/>
      <line num="180" type="method" name="getUsername" crap="1" count="4"/>
      <line num="182" type="stmt" count="4"/>
      <line num="188" type="method" name="getPassword" crap="1" count="4"/>
      <line num="190" type="stmt" count="4"/>
      <line num="196" type="method" name="getEmail" crap="1" count="4"/>
      <line num="198" type="stmt" count="4"/>
      <line num="204" type="method" name="getDob" crap="1" count="4"/>
      <line num="206" type="stmt" count="4"/>
      <line num="212" type="method" name="getActive" crap="1" count="2"/>
      <line num="214" type="stmt" count="2"/>
      <line num="220" type="method" name="getLastLogin" crap="1" count="1"/>
      <line num="222" type="stmt" count="1"/>
      <line num="230" type="method" name="getRole" crap="1" count="10"/>
      <line num="231" type="stmt" count="10"/>
      <line num="236" type="method" name="setId" crap="1" count="4"/>
      <line num="238" type="stmt" count="4"/>
      <line num="239" type="stmt" count="4"/>
      <line num="244" type="method" name="setFname" crap="1" count="4"/>
      <line num="246" type="stmt" count="4"/>
      <line num="247" type="stmt" count="4"/>
      <line num="252" type="method" name="setLname" crap="1" count="4"/>
      <line num="254" type="stmt" count="4"/>
      <line num="255" type="stmt" count="4"/>
      <line num="260" type="method" name="setUsername" crap="1" count="4"/>
      <line num="262" type="stmt" count="4"/>
      <line num="263" type="stmt" count="4"/>
      <line num="268" type="method" name="setPassword" crap="1" count="4"/>
      <line num="270" type="stmt" count="4"/>
      <line num="271" type="stmt" count="4"/>
      <line num="276" type="method" name="setEmail" crap="1" count="4"/>
      <line num="278" type="stmt" count="4"/>
      <line num="279" type="stmt" count="4"/>
      <line num="288" type="method" name="setDob" crap="1" count="4"/>
      <line num="290" type="stmt" count="4"/>
      <line num="291" type="stmt" count="4"/>
      <line num="296" type="method" name="setActive" crap="1" count="4"/>
      <line num="298" type="stmt" count="4"/>
      <line num="299" type="stmt" count="4"/>
      <line num="304" type="method" name="setLastLogin" crap="1" count="4"/>
      <line num="306" type="stmt" count="4"/>
      <line num="307" type="stmt" count="4"/>
      <line num="312" type="method" name="setRole" crap="1" count="4"/>
      <line num="313" type="stmt" count="4"/>
      <line num="314" type="stmt" count="4"/>
      <line num="317" type="stmt" count="1"/>
      <metrics loc="316" ncloc="138" classes="1" methods="24" coveredmethods="22" conditionals="0" coveredconditionals="0" statements="51" coveredstatements="42" elements="75" coveredelements="64"/>
    </file>
    <file name="/var/atlassian/application-data/bamboo/xml-data/build-dir/ESOCIAL-UNITTEST-JOB1/application/modules/user/models/UserMapper.php">
      <class name="User_Model_UserMapper" namespace="global" fullPackage="User.Model">
        <metrics methods="9" coveredmethods="8" conditionals="0" coveredconditionals="0" statements="93" coveredstatements="73" elements="102" coveredelements="81"/>
      </class>
      <line num="0" type="stmt" count="1"/>
      <line num="27" type="stmt" count="1"/>
      <line num="52" type="method" name="setDbTable" crap="3.03" count="4"/>
      <line num="54" type="stmt" count="4"/>
      <line num="55" type="stmt" count="4"/>
      <line num="56" type="stmt" count="4"/>
      <line num="57" type="stmt" count="4"/>
      <line num="58" type="stmt" count="0"/>
      <line num="60" type="stmt" count="4"/>
      <line num="61" type="stmt" count="4"/>
      <line num="69" type="method" name="getDbTable" crap="2" count="4"/>
      <line num="71" type="stmt" count="4"/>
      <line num="72" type="stmt" count="4"/>
      <line num="73" type="stmt" count="4"/>
      <line num="74" type="stmt" count="4"/>
      <line num="83" type="method" name="save" crap="2" count="4"/>
      <line num="85" type="stmt" count="4"/>
      <line num="86" type="stmt" count="4"/>
      <line num="87" type="stmt" count="4"/>
      <line num="88" type="stmt" count="4"/>
      <line num="89" type="stmt" count="4"/>
      <line num="90" type="stmt" count="4"/>
      <line num="91" type="stmt" count="4"/>
      <line num="92" type="stmt" count="4"/>
      <line num="93" type="stmt" count="4"/>
      <line num="94" type="stmt" count="4"/>
      <line num="95" type="stmt" count="4"/>
      <line num="96" type="stmt" count="1"/>
      <line num="97" type="stmt" count="1"/>
      <line num="98" type="stmt" count="1"/>
      <line num="99" type="stmt" count="1"/>
      <line num="101" type="stmt" count="4"/>
      <line num="109" type="method" name="find" crap="2.00" count="1"/>
      <line num="111" type="stmt" count="1"/>
      <line num="112" type="stmt" count="1"/>
      <line num="113" type="stmt" count="0"/>
      <line num="115" type="stmt" count="1"/>
      <line num="116" type="stmt" count="1"/>
      <line num="117" type="stmt" count="1"/>
      <line num="118" type="stmt" count="1"/>
      <line num="119" type="stmt" count="1"/>
      <line num="120" type="stmt" count="1"/>
      <line num="121" type="stmt" count="1"/>
      <line num="122" type="stmt" count="1"/>
      <line num="123" type="stmt" count="1"/>
      <line num="124" type="stmt" count="1"/>
      <line num="125" type="stmt" count="1"/>
      <line num="127" type="stmt" count="1"/>
      <line num="134" type="method" name="fetchAll" crap="2" count="4"/>
      <line num="136" type="stmt" count="4"/>
      <line num="137" type="stmt" count="4"/>
      <line num="138" type="stmt" count="4"/>
      <line num="139" type="stmt" count="4"/>
      <line num="140" type="stmt" count="4"/>
      <line num="141" type="stmt" count="4"/>
      <line num="142" type="stmt" count="4"/>
      <line num="143" type="stmt" count="4"/>
      <line num="144" type="stmt" count="4"/>
      <line num="145" type="stmt" count="4"/>
      <line num="146" type="stmt" count="4"/>
      <line num="147" type="stmt" count="4"/>
      <line num="148" type="stmt" count="4"/>
      <line num="149" type="stmt" count="4"/>
      <line num="150" type="stmt" count="4"/>
      <line num="151" type="stmt" count="4"/>
      <line num="152" type="stmt" count="4"/>
      <line num="160" type="method" name="delete" crap="1" count="4"/>
      <line num="162" type="stmt" count="4"/>
      <line num="163" type="stmt" count="4"/>
      <line num="164" type="stmt" count="4"/>
      <line num="165" type="stmt" count="4"/>
      <line num="173" type="method" name="checkUsername" crap="2" count="3"/>
      <line num="175" type="stmt" count="3"/>
      <line num="176" type="stmt" count="3"/>
      <line num="177" type="stmt" count="3"/>
      <line num="178" type="stmt" count="3"/>
      <line num="179" type="stmt" count="1"/>
      <line num="181" type="stmt" count="2"/>
      <line num="190" type="method" name="checkEmail" crap="2" count="3"/>
      <line num="192" type="stmt" count="3"/>
      <line num="193" type="stmt" count="3"/>
      <line num="194" type="stmt" count="3"/>
      <line num="195" type="stmt" count="3"/>
      <line num="196" type="stmt" count="1"/>
      <line num="198" type="stmt" count="2"/>
      <line num="209" type="method" name="login" crap="12" count="0"/>
      <line num="210" type="stmt" count="0"/>
      <line num="211" type="stmt" count="0"/>
      <line num="212" type="stmt" count="0"/>
      <line num="213" type="stmt" count="0"/>
      <line num="214" type="stmt" count="0"/>
      <line num="215" type="stmt" count="0"/>
      <line num="217" type="stmt" count="0"/>
      <line num="218" type="stmt" count="0"/>
      <line num="219" type="stmt" count="0"/>
      <line num="220" type="stmt" count="0"/>
      <line num="221" type="stmt" count="0"/>
      <line num="222" type="stmt" count="0"/>
      <line num="223" type="stmt" count="0"/>
      <line num="224" type="stmt" count="0"/>
      <line num="225" type="stmt" count="0"/>
      <line num="226" type="stmt" count="0"/>
      <line num="227" type="stmt" count="0"/>
      <line num="229" type="stmt" count="0"/>
      <line num="233" type="stmt" count="1"/>
      <metrics loc="232" ncloc="135" classes="1" methods="9" coveredmethods="6" conditionals="0" coveredconditionals="0" statements="94" coveredstatements="74" elements="103" coveredelements="80"/>
    </file>
    <file name="/var/atlassian/application-data/bamboo/xml-data/build-dir/ESOCIAL-UNITTEST-JOB1/application/views/helpers/LoggedInAs.php">
      <class name="Zend_View_Helper_LoggedInAs" namespace="global" fullPackage="Zend.View.Helper">
        <metrics methods="2" coveredmethods="2" conditionals="0" coveredconditionals="0" statements="15" coveredstatements="11" elements="17" coveredelements="13"/>
      </class>
      <line num="7" type="stmt" count="1"/>
      <line num="22" type="method" name="loggedInAs" crap="5.73" count="1"/>
      <line num="24" type="stmt" count="1"/>
      <line num="25" type="stmt" count="1"/>
      <line num="26" type="stmt" count="0"/>
      <line num="27" type="stmt" count="0"/>
      <line num="28" type="stmt" count="0"/>
      <line num="30" type="stmt" count="1"/>
      <line num="31" type="stmt" count="1"/>
      <line num="32" type="stmt" count="1"/>
      <line num="33" type="stmt" count="1"/>
      <line num="34" type="stmt" count="1"/>
      <line num="35" type="stmt" count="0"/>
      <line num="37" type="stmt" count="1"/>
      <line num="38" type="stmt" count="1"/>
      <line num="45" type="method" name="setView" crap="1" count="1"/>
      <line num="47" type="stmt" count="1"/>
      <line num="48" type="stmt" count="1"/>
      <line num="50" type="stmt" count="1"/>
      <metrics loc="49" ncloc="29" classes="1" methods="2" coveredmethods="1" conditionals="0" coveredconditionals="0" statements="16" coveredstatements="12" elements="18" coveredelements="13"/>
    </file>
    <metrics files="10" loc="1011" ncloc="521" classes="10" methods="49" coveredmethods="35" conditionals="0" coveredconditionals="0" statements="289" coveredstatements="198" elements="338" coveredelements="233"/>
  </project>
</coverage>
